c:\users\utente\desktop\fondamenti di informatica 2\provesame\provaesame16\esericizio3(riprovato)\x64\debug\vc143.pdb
c:\users\utente\desktop\fondamenti di informatica 2\provesame\provaesame16\esericizio3(riprovato)\x64\debug\vc143.idb
c:\users\utente\desktop\fondamenti di informatica 2\provesame\provaesame16\esericizio3(riprovato)\x64\debug\tree.obj
c:\users\utente\desktop\fondamenti di informatica 2\provesame\provaesame16\esericizio3(riprovato)\x64\debug\minheap.obj
c:\users\utente\desktop\fondamenti di informatica 2\provesame\provaesame16\esericizio3(riprovato)\x64\debug\main.obj
c:\users\utente\desktop\fondamenti di informatica 2\provesame\provaesame16\esericizio3(riprovato)\x64\debug\list.obj
c:\users\utente\desktop\fondamenti di informatica 2\provesame\provaesame16\esericizio3(riprovato)\x64\debug\elemtype.obj
c:\users\utente\desktop\fondamenti di informatica 2\provesame\provaesame16\esericizio3(riprovato)\x64\debug\crea_da_interni.obj
c:\users\utente\desktop\fondamenti di informatica 2\provesame\provaesame16\esericizio3(riprovato)\x64\debug\esericizio3(riprovato).pdb
c:\users\utente\desktop\fondamenti di informatica 2\provesame\provaesame16\esericizio3(riprovato)\x64\debug\esericiz.0144882a.tlog\cl.command.1.tlog
c:\users\utente\desktop\fondamenti di informatica 2\provesame\provaesame16\esericizio3(riprovato)\x64\debug\esericiz.0144882a.tlog\cl.read.1.tlog
c:\users\utente\desktop\fondamenti di informatica 2\provesame\provaesame16\esericizio3(riprovato)\x64\debug\esericiz.0144882a.tlog\cl.write.1.tlog
c:\users\utente\desktop\fondamenti di informatica 2\provesame\provaesame16\esericizio3(riprovato)\x64\debug\esericiz.0144882a.tlog\link-cvtres.read.1.tlog
c:\users\utente\desktop\fondamenti di informatica 2\provesame\provaesame16\esericizio3(riprovato)\x64\debug\esericiz.0144882a.tlog\link-cvtres.write.1.tlog
c:\users\utente\desktop\fondamenti di informatica 2\provesame\provaesame16\esericizio3(riprovato)\x64\debug\esericiz.0144882a.tlog\link-rc.read.1.tlog
c:\users\utente\desktop\fondamenti di informatica 2\provesame\provaesame16\esericizio3(riprovato)\x64\debug\esericiz.0144882a.tlog\link-rc.write.1.tlog
c:\users\utente\desktop\fondamenti di informatica 2\provesame\provaesame16\esericizio3(riprovato)\x64\debug\esericiz.0144882a.tlog\link.command.1.tlog
c:\users\utente\desktop\fondamenti di informatica 2\provesame\provaesame16\esericizio3(riprovato)\x64\debug\esericiz.0144882a.tlog\link.read.1.tlog
c:\users\utente\desktop\fondamenti di informatica 2\provesame\provaesame16\esericizio3(riprovato)\x64\debug\esericiz.0144882a.tlog\link.read.3.tlog
c:\users\utente\desktop\fondamenti di informatica 2\provesame\provaesame16\esericizio3(riprovato)\x64\debug\esericiz.0144882a.tlog\link.write.1.tlog
